<?xml version="1.0" encoding="UTF-8"?>
<testsuite name="hansanhha.ConditionalTest" tests="2" skipped="1" failures="0" errors="0" timestamp="2025-02-03T04:51:59" hostname="localhost.local" time="0.423">
  <properties/>
  <testcase name="맥OS에서만 실행되는 테스트 - 스프링 @EnabledIf" classname="hansanhha.ConditionalTest" time="0.42"/>
  <testcase name="윈도우에서만 실행되는 테스트 - 스프링 @EnabledIf" classname="hansanhha.ConditionalTest" time="0.0">
    <skipped/>
  </testcase>
  <system-out><![CDATA[13:51:59.099 [Test worker] INFO org.springframework.test.context.support.AnnotationConfigContextLoaderUtils -- Could not detect default configuration classes for test class [hansanhha.ConditionalTest]: ConditionalTest does not declare any static, non-private, non-final, nested classes annotated with @Configuration.
13:51:59.221 [Test worker] INFO org.springframework.test.context.junit.jupiter.AbstractExpressionEvaluatingCondition -- Enabled on Mac OS
]]></system-out>
  <system-err><![CDATA[Mockito is currently self-attaching to enable the inline-mock-maker. This will no longer work in future releases of the JDK. Please add Mockito as an agent to your build what is described in Mockito's documentation: https://javadoc.io/doc/org.mockito/mockito-core/latest/org/mockito/Mockito.html#0.3
WARNING: A Java agent has been loaded dynamically (/Users/hansanhha/.gradle/caches/modules-2/files-2.1/net.bytebuddy/byte-buddy-agent/1.15.11/a38b16385e867f59a641330f0362ebe742788ed8/byte-buddy-agent-1.15.11.jar)
WARNING: If a serviceability tool is in use, please run with -XX:+EnableDynamicAgentLoading to hide this warning
WARNING: If a serviceability tool is not in use, please run with -Djdk.instrument.traceUsage for more information
WARNING: Dynamic loading of agents will be disallowed by default in a future release
]]></system-err>
</testsuite>
