<?xml version="1.0" encoding="UTF-8"?>
<testsuite name="hansanhha.SpringMockitoTest$SpringBeanMockingTest" tests="1" skipped="0" failures="0" errors="0" timestamp="2025-02-02T07:05:24" hostname="localhost.local" time="0.003">
  <properties/>
  <testcase name="스프링 목 빈 stub 테스트" classname="hansanhha.SpringMockitoTest$SpringBeanMockingTest" time="0.003"/>
  <system-out><![CDATA[2025-02-02T16:05:24.879+09:00  INFO 40779 --- [    Test worker] t.c.s.AnnotationConfigContextLoaderUtils : Could not detect default configuration classes for test class [hansanhha.SpringMockitoTest$SpringBeanMockingTest]: SpringBeanMockingTest does not declare any static, non-private, non-final, nested classes annotated with @Configuration.
2025-02-02T16:05:24.882+09:00  INFO 40779 --- [    Test worker] .b.t.c.SpringBootTestContextBootstrapper : Found @SpringBootConfiguration hansanhha.MockitoApplication for test class hansanhha.SpringMockitoTest$SpringBeanMockingTest

  .   ____          _            __ _ _
 /\\ / ___'_ __ _ _(_)_ __  __ _ \ \ \ \
( ( )\___ | '_ | '_| | '_ \/ _` | \ \ \ \
 \\/  ___)| |_)| | | | | || (_| |  ) ) ) )
  '  |____| .__|_| |_|_| |_\__, | / / / /
 =========|_|==============|___/=/_/_/_/

 :: Spring Boot ::                (v3.4.2)

2025-02-02T16:05:24.907+09:00  INFO 40779 --- [    Test worker] .SpringMockitoTest$SpringBeanMockingTest : Starting SpringMockitoTest.SpringBeanMockingTest using Java 21.0.5 with PID 40779 (started by hansanhha in /Users/hansanhha/code/java-atelier/testing/mockito)
2025-02-02T16:05:24.907+09:00  INFO 40779 --- [    Test worker] .SpringMockitoTest$SpringBeanMockingTest : No active profile set, falling back to 1 default profile: "default"
2025-02-02T16:05:24.971+09:00  INFO 40779 --- [    Test worker] .SpringMockitoTest$SpringBeanMockingTest : Started SpringMockitoTest.SpringBeanMockingTest in 0.083 seconds (process running for 1.426)
]]></system-out>
  <system-err><![CDATA[]]></system-err>
</testsuite>
