<?xml version="1.0" encoding="UTF-8"?>
<testsuite name="hansanhha.SpringMockitoTest$SpringBeanSpyingTest" tests="2" skipped="0" failures="0" errors="0" timestamp="2025-02-02T07:05:24" hostname="localhost.local" time="0.051">
  <properties/>
  <testcase name="스프링 스파이 빈 실제 로직 수행 테스트" classname="hansanhha.SpringMockitoTest$SpringBeanSpyingTest" time="0.042"/>
  <testcase name="스프링 스파이 빈 stub 테스트" classname="hansanhha.SpringMockitoTest$SpringBeanSpyingTest" time="0.007"/>
  <system-out><![CDATA[16:05:23.943 [Test worker] INFO org.springframework.test.context.support.AnnotationConfigContextLoaderUtils -- Could not detect default configuration classes for test class [hansanhha.SpringMockitoTest$SpringBeanSpyingTest]: SpringBeanSpyingTest does not declare any static, non-private, non-final, nested classes annotated with @Configuration.
16:05:23.993 [Test worker] INFO org.springframework.boot.test.context.SpringBootTestContextBootstrapper -- Found @SpringBootConfiguration hansanhha.MockitoApplication for test class hansanhha.SpringMockitoTest$SpringBeanSpyingTest

  .   ____          _            __ _ _
 /\\ / ___'_ __ _ _(_)_ __  __ _ \ \ \ \
( ( )\___ | '_ | '_| | '_ \/ _` | \ \ \ \
 \\/  ___)| |_)| | | | | || (_| |  ) ) ) )
  '  |____| .__|_| |_|_| |_\__, | / / / /
 =========|_|==============|___/=/_/_/_/

 :: Spring Boot ::                (v3.4.2)

2025-02-02T16:05:24.149+09:00  INFO 40779 --- [    Test worker] h.SpringMockitoTest$SpringBeanSpyingTest : Starting SpringMockitoTest.SpringBeanSpyingTest using Java 21.0.5 with PID 40779 (started by hansanhha in /Users/hansanhha/code/java-atelier/testing/mockito)
2025-02-02T16:05:24.149+09:00  INFO 40779 --- [    Test worker] h.SpringMockitoTest$SpringBeanSpyingTest : No active profile set, falling back to 1 default profile: "default"
2025-02-02T16:05:24.812+09:00  INFO 40779 --- [    Test worker] h.SpringMockitoTest$SpringBeanSpyingTest : Started SpringMockitoTest.SpringBeanSpyingTest in 0.767 seconds (process running for 1.266)
]]></system-out>
  <system-err><![CDATA[Mockito is currently self-attaching to enable the inline-mock-maker. This will no longer work in future releases of the JDK. Please add Mockito as an agent to your build as described in Mockito's documentation: https://javadoc.io/doc/org.mockito/mockito-core/latest/org/mockito/Mockito.html#0.3
WARNING: A Java agent has been loaded dynamically (/Users/hansanhha/.gradle/caches/modules-2/files-2.1/net.bytebuddy/byte-buddy-agent/1.15.11/a38b16385e867f59a641330f0362ebe742788ed8/byte-buddy-agent-1.15.11.jar)
WARNING: If a serviceability tool is in use, please run with -XX:+EnableDynamicAgentLoading to hide this warning
WARNING: If a serviceability tool is not in use, please run with -Djdk.instrument.traceUsage for more information
WARNING: Dynamic loading of agents will be disallowed by default in a future release
]]></system-err>
</testsuite>
