<?xml version="1.0" encoding="UTF-8"?>
<testsuite name="hansanhha.UserControllerTest" tests="1" skipped="0" failures="0" errors="0" timestamp="2025-02-09T03:37:31" hostname="localhost.local" time="0.093">
  <properties/>
  <testcase name="saveShouldReturnCreatedStatus()" classname="hansanhha.UserControllerTest" time="0.093"/>
  <system-out><![CDATA[2025-02-09T12:37:31.086+09:00  INFO 27216 --- [    Test worker] t.c.s.AnnotationConfigContextLoaderUtils : Could not detect default configuration classes for test class [hansanhha.UserControllerTest]: UserControllerTest does not declare any static, non-private, non-final, nested classes annotated with @Configuration.
2025-02-09T12:37:31.095+09:00  INFO 27216 --- [    Test worker] .b.t.c.SpringBootTestContextBootstrapper : Found @SpringBootConfiguration hansanhha.ExampleApplication for test class hansanhha.UserControllerTest

  .   ____          _            __ _ _
 /\\ / ___'_ __ _ _(_)_ __  __ _ \ \ \ \
( ( )\___ | '_ | '_| | '_ \/ _` | \ \ \ \
 \\/  ___)| |_)| | | | | || (_| |  ) ) ) )
  '  |____| .__|_| |_|_| |_\__, | / / / /
 =========|_|==============|___/=/_/_/_/

 :: Spring Boot ::                (v3.4.2)

2025-02-09T12:37:31.109+09:00  INFO 27216 --- [    Test worker] hansanhha.UserControllerTest             : Starting UserControllerTest using Java 21.0.5 with PID 27216 (started by hansanhha in /Users/hansanhha/code/backend/build automation/github actions/example application/app)
2025-02-09T12:37:31.109+09:00  INFO 27216 --- [    Test worker] hansanhha.UserControllerTest             : No active profile set, falling back to 1 default profile: "default"
2025-02-09T12:37:31.198+09:00  INFO 27216 --- [    Test worker] o.s.b.t.m.w.SpringBootMockServletContext : Initializing Spring TestDispatcherServlet ''
2025-02-09T12:37:31.198+09:00  INFO 27216 --- [    Test worker] o.s.t.web.servlet.TestDispatcherServlet  : Initializing Servlet ''
2025-02-09T12:37:31.199+09:00  INFO 27216 --- [    Test worker] o.s.t.web.servlet.TestDispatcherServlet  : Completed initialization in 0 ms
2025-02-09T12:37:31.208+09:00  INFO 27216 --- [    Test worker] hansanhha.UserControllerTest             : Started UserControllerTest in 0.111 seconds (process running for 2.566)
]]></system-out>
  <system-err><![CDATA[]]></system-err>
</testsuite>
