<?xml version="1.0" encoding="UTF-8"?>
<testsuite name="hansanhha.DynamicTests" tests="11" skipped="0" failures="0" errors="0" timestamp="2025-02-02T03:52:33" hostname="localhost.local" time="0.01">
  <properties/>
  <testcase name="0는 짝수이다" classname="hansanhha.DynamicTests" time="0.007"/>
  <testcase name="4는 짝수이다" classname="hansanhha.DynamicTests" time="0.006"/>
  <testcase name="1는 홀수이다" classname="hansanhha.DynamicTests" time="0.008"/>
  <testcase name="5는 홀수이다" classname="hansanhha.DynamicTests" time="0.006"/>
  <testcase name="6는 짝수이다" classname="hansanhha.DynamicTests" time="0.007"/>
  <testcase name="2는 짝수이다" classname="hansanhha.DynamicTests" time="0.007"/>
  <testcase name="8는 짝수이다" classname="hansanhha.DynamicTests" time="0.0"/>
  <testcase name="10는 짝수이다" classname="hansanhha.DynamicTests" time="0.0"/>
  <testcase name="9는 홀수이다" classname="hansanhha.DynamicTests" time="0.0"/>
  <testcase name="7는 홀수이다" classname="hansanhha.DynamicTests" time="0.0"/>
  <testcase name="3는 홀수이다" classname="hansanhha.DynamicTests" time="0.01"/>
  <system-out><![CDATA[그룹 b 테스트 실행
order test started
그룹 a 테스트 실행
그룹 b 테스트 실행
그룹 a 테스트 실행
order test completed
]]></system-out>
  <system-err><![CDATA[]]></system-err>
</testsuite>
