<?xml version="1.0" encoding="UTF-8"?>
<testsuite name="hansanhha.NestedTest$WithdrawTests" tests="2" skipped="0" failures="0" errors="0" timestamp="2025-02-02T03:52:33" hostname="localhost.local" time="0.001">
  <properties/>
  <testcase name="withdrawMoreThanBalanceShouldThrowException()" classname="hansanhha.NestedTest$WithdrawTests" time="0.001"/>
  <testcase name="withdrawShouldDecreaseBalance()" classname="hansanhha.NestedTest$WithdrawTests" time="0.001"/>
  <system-out><![CDATA[]]></system-out>
  <system-err><![CDATA[]]></system-err>
</testsuite>
