<?xml version="1.0" encoding="UTF-8"?>
<testsuite name="hansanhha.TaggedTest" tests="4" skipped="0" failures="0" errors="0" timestamp="2025-02-02T03:52:33" hostname="localhost.local" time="0.011">
  <properties/>
  <testcase name="a1()" classname="hansanhha.TaggedTest" time="0.011"/>
  <testcase name="b1()" classname="hansanhha.TaggedTest" time="0.011"/>
  <testcase name="b2()" classname="hansanhha.TaggedTest" time="0.011"/>
  <testcase name="a2()" classname="hansanhha.TaggedTest" time="0.011"/>
  <system-out><![CDATA[]]></system-out>
  <system-err><![CDATA[]]></system-err>
</testsuite>
