<?xml version="1.0" encoding="UTF-8"?>
<testsuite name="hansanhha.ConditionalTest" tests="8" skipped="3" failures="0" errors="0" timestamp="2025-02-02T03:52:33" hostname="localhost.local" time="0.005">
  <properties/>
  <testcase name="runOnlyWindowsByProperty()" classname="hansanhha.ConditionalTest" time="0.001">
    <skipped/>
  </testcase>
  <testcase name="runExceptWindowsByProperty()" classname="hansanhha.ConditionalTest" time="0.008"/>
  <testcase name="runOnlyOnMacOS()" classname="hansanhha.ConditionalTest" time="0.009"/>
  <testcase name="runExceptJava8()" classname="hansanhha.ConditionalTest" time="0.0"/>
  <testcase name="runOnlyOnWindows()" classname="hansanhha.ConditionalTest" time="0.0">
    <skipped/>
  </testcase>
  <testcase name="runExceptWindows()" classname="hansanhha.ConditionalTest" time="0.0"/>
  <testcase name="runOnlyJava21()" classname="hansanhha.ConditionalTest" time="0.001"/>
  <testcase name="runExceptMacOS()" classname="hansanhha.ConditionalTest" time="0.001">
    <skipped/>
  </testcase>
  <system-out><![CDATA[detected @Greeting annotation by GreetingTestInstancePostProcessor
윈도우만 빼고 실행되는 테스트
]]></system-out>
  <system-err><![CDATA[]]></system-err>
</testsuite>
