<?xml version="1.0" encoding="UTF-8"?>
<testsuite name="the weeknd" tests="2" skipped="0" failures="0" errors="0" timestamp="2025-02-02T03:52:33" hostname="localhost.local" time="0.048">
  <properties/>
  <testcase name="the weeknd-&gt;blinding lights" classname="hansanhha.DisplayNameTest$the_weeknd" time="0.018"/>
  <testcase name="the weeknd-&gt;after hours" classname="hansanhha.DisplayNameTest$the_weeknd" time="0.049"/>
  <system-out><![CDATA[]]></system-out>
  <system-err><![CDATA[]]></system-err>
</testsuite>
