<?xml version="1.0" encoding="UTF-8"?>
<testsuite name="hansanhha.RepeatTest" tests="5" skipped="0" failures="0" errors="0" timestamp="2025-02-02T03:52:33" hostname="localhost.local" time="0.016">
  <properties/>
  <testcase name="2번째 테스트" classname="hansanhha.RepeatTest" time="0.014"/>
  <testcase name="1번째 테스트" classname="hansanhha.RepeatTest" time="0.014"/>
  <testcase name="5번째 테스트" classname="hansanhha.RepeatTest" time="0.014"/>
  <testcase name="3번째 테스트" classname="hansanhha.RepeatTest" time="0.014"/>
  <testcase name="4번째 테스트" classname="hansanhha.RepeatTest" time="0.012"/>
  <system-out><![CDATA[5번 반복하는 테스트
5번 반복하는 테스트
5번 반복하는 테스트
5번 반복하는 테스트
5번 반복하는 테스트
]]></system-out>
  <system-err><![CDATA[]]></system-err>
</testsuite>
