<?xml version="1.0" encoding="UTF-8"?>
<testsuite name="hansanhha.ParallelTest" tests="4" skipped="0" failures="0" errors="0" timestamp="2025-02-02T03:52:33" hostname="localhost.local" time="0.018">
  <properties/>
  <testcase name="test1()" classname="hansanhha.ParallelTest" time="0.018"/>
  <testcase name="test2()" classname="hansanhha.ParallelTest" time="0.018"/>
  <testcase name="sequentialTest()" classname="hansanhha.ParallelTest" time="0.018"/>
  <testcase name="test3()" classname="hansanhha.ParallelTest" time="0.018"/>
  <system-out><![CDATA[ForkJoinPool-1-worker-3 - 실행: test2
ForkJoinPool-1-worker-1 - 순차 실행됨
ForkJoinPool-1-worker-2 - 실행: test1
ForkJoinPool-1-worker-4 - 실행: test3
]]></system-out>
  <system-err><![CDATA[]]></system-err>
</testsuite>
